<?xml version="1.0" encoding="UTF-8"?>
<testng-results skipped="0" failed="0" ignored="0" total="1" passed="1">
  <reporter-output>
  </reporter-output>
  <suite name="Default suite" duration-ms="14722" started-at="2018-07-03T07:08:26Z" finished-at="2018-07-03T07:08:41Z">
    <groups>
    </groups>
    <test name="Default test" duration-ms="14722" started-at="2018-07-03T07:08:26Z" finished-at="2018-07-03T07:08:41Z">
      <class name="Selenium1.Test2">
        <test-method status="PASS" signature="testGitHubLogin()[pri:0, instance:Selenium1.Test2@475530b9]" name="testGitHubLogin" duration-ms="14691" started-at="2018-07-03T07:08:26Z" finished-at="2018-07-03T07:08:41Z">
          <reporter-output>
          </reporter-output>
        </test-method> <!-- testGitHubLogin -->
      </class> <!-- Selenium1.Test2 -->
    </test> <!-- Default test -->
  </suite> <!-- Default suite -->
</testng-results>
