<?xml version="1.0" encoding="UTF-8"?>
<testng-results skipped="0" failed="0" total="2" passed="2">
  <reporter-output>
  </reporter-output>
  <suite name="Suite" duration-ms="31" started-at="2018-07-04T04:53:28Z" finished-at="2018-07-04T04:53:28Z">
    <groups>
    </groups>
    <test name="Test" duration-ms="31" started-at="2018-07-04T04:53:28Z" finished-at="2018-07-04T04:53:28Z">
      <class name="Selenium1.Test1">
        <test-method status="PASS" signature="testDemoWebShop()[pri:0, instance:Selenium1.Test1@28f67ac7]" name="testDemoWebShop" duration-ms="16" started-at="2018-07-04T10:23:28Z" finished-at="2018-07-04T10:23:28Z">
          <reporter-output>
          </reporter-output>
        </test-method> <!-- testDemoWebShop -->
        <test-method status="PASS" signature="testPayment()[pri:0, instance:Selenium1.Test1@28f67ac7]" name="testPayment" duration-ms="0" started-at="2018-07-04T10:23:28Z" finished-at="2018-07-04T10:23:28Z">
          <reporter-output>
          </reporter-output>
        </test-method> <!-- testPayment -->
      </class> <!-- Selenium1.Test1 -->
    </test> <!-- Test -->
  </suite> <!-- Suite -->
</testng-results>
